2024-11-04 18:27:27.763101

[2024DIA_XLC]	Checking the environment...

[2024DIA_XLC]	Reading ini files...

[2024DIA_XLC]	Reading identification files...
2024-11-04 18:28:08.255731

[2024DIA_XLC]	Checking the environment...

[2024DIA_XLC]	Reading ini files...

[2024DIA_XLC]	Reading identification files...
2024-11-04 18:28:37.819981

[2024DIA_XLC]	Checking the environment...

[2024DIA_XLC]	Reading ini files...

[2024DIA_XLC]	Reading identification files...

[2024DIA_XLC]	Reading MS1 files (The first run will take a few minutes)...

[2024DIA_XLC]	Reading MS2 files (The first run will take a few minutes)...

[2024DIA_XLC]	Drawing Curve...

[2024DIA_XLC]	End

[2024DIA_XLC]	Finished!
2024-11-04 18:31:01.352753

[2024DIA_XLC]	Checking the environment...

[2024DIA_XLC]	Reading ini files...

[2024DIA_XLC]	Reading identification files...

[2024DIA_XLC]	Reading MS1 files (The first run will take a few minutes)...

[2024DIA_XLC]	Reading MS2 files (The first run will take a few minutes)...

[2024DIA_XLC]	Drawing Curve...

[2024DIA_XLC]	End

[2024DIA_XLC]	Finished!
2024-11-04 18:33:20.664031
2024-11-04 18:33:36.043866

[2024DIA_XLC]	Checking the environment...

[2024DIA_XLC]	Reading ini files...

[2024DIA_XLC]	Reading identification files...

[2024DIA_XLC]	Reading MS1 files (The first run will take a few minutes)...

[2024DIA_XLC]	Reading MS2 files (The first run will take a few minutes)...

[2024DIA_XLC]	Drawing Curve...

[2024DIA_XLC]	End

[2024DIA_XLC]	Finished!
2024-11-06 15:26:40.468103

[2024DIA_XLC]	Checking the environment...

[2024DIA_XLC]	Reading ini files...

[2024DIA_XLC]	Reading identification files...

[2024DIA_XLC]	Reading MS1 files (The first run will take a few minutes)...

[2024DIA_XLC]	Reading MS2 files (The first run will take a few minutes)...

[2024DIA_XLC]	Drawing Curve...

[2024DIA_XLC]	End

[2024DIA_XLC]	Finished!
2024-11-07 10:36:11.991176

[2024DIA_XLC]	Checking the environment...

[2024DIA_XLC]	Reading ini files...

[2024DIA_XLC]	Reading identification files...

[2024DIA_XLC]	Reading MS1 files (The first run will take a few minutes)...

[2024DIA_XLC]	Reading MS2 files (The first run will take a few minutes)...

[2024DIA_XLC]	Drawing Curve...

[2024DIA_XLC]	End

[2024DIA_XLC]	Finished!
2024-11-07 10:37:49.143136

[2024DIA_XLC]	Checking the environment...

[2024DIA_XLC]	Reading ini files...

[2024DIA_XLC]	Reading identification files...

[2024DIA_XLC]	Reading MS1 files (The first run will take a few minutes)...

[2024DIA_XLC]	Reading MS2 files (The first run will take a few minutes)...

[2024DIA_XLC]	Drawing Curve...

[2024DIA_XLC]	End

[2024DIA_XLC]	Finished!
2024-11-24 16:19:58.641266
2024-11-24 16:25:01.939072

[2024DIA_XLC]	Checking the environment...

[2024DIA_XLC]	Reading ini files...

[2024DIA_XLC]	Reading identification files...
2024-11-24 16:26:45.838652

[2024DIA_XLC]	Checking the environment...

[2024DIA_XLC]	Reading ini files...

[2024DIA_XLC]	Reading identification files...
2024-11-24 16:27:48.353938

[2024DIA_XLC]	Checking the environment...

[2024DIA_XLC]	Reading ini files...

[2024DIA_XLC]	Reading identification files...

[2024DIA_XLC]	Reading MS1 files (The first run will take a few minutes)...

[2024DIA_XLC]	Reading MS2 files (The first run will take a few minutes)...

[2024DIA_XLC]	Drawing Curve...

[2024DIA_XLC]	End

[2024DIA_XLC]	Finished!
2024-11-24 16:42:27.746831

[2024DIA_XLC]	Checking the environment...

[2024DIA_XLC]	Reading ini files...

[2024DIA_XLC]	Reading identification files...

[2024DIA_XLC]	Reading MS1 files (The first run will take a few minutes)...

[2024DIA_XLC]	Reading MS2 files (The first run will take a few minutes)...

[2024DIA_XLC]	Drawing Curve...

[2024DIA_XLC]	End

[2024DIA_XLC]	Finished!
2024-11-24 16:58:44.687611

[2024DIA_XLC]	Checking the environment...

[2024DIA_XLC]	Reading ini files...

[2024DIA_XLC]	Reading identification files...

[2024DIA_XLC]	Reading MS1 files (The first run will take a few minutes)...

[2024DIA_XLC]	Reading MS2 files (The first run will take a few minutes)...

[2024DIA_XLC]	Drawing Curve...

[2024DIA_XLC]	End

[2024DIA_XLC]	Finished!
2024-11-24 17:14:48.184525

[2024DIA_XLC]	Checking the environment...

[2024DIA_XLC]	Reading ini files...

[2024DIA_XLC]	Reading identification files...

[2024DIA_XLC]	Reading MS1 files (The first run will take a few minutes)...

[2024DIA_XLC]	Reading MS2 files (The first run will take a few minutes)...

[2024DIA_XLC]	Drawing Curve...

[2024DIA_XLC]	End

[2024DIA_XLC]	Finished!
2024-11-24 17:27:43.929694

[2024DIA_XLC]	Checking the environment...

[2024DIA_XLC]	Reading ini files...

[2024DIA_XLC]	Reading identification files...

[2024DIA_XLC]	Reading MS1 files (The first run will take a few minutes)...

[2024DIA_XLC]	Reading MS2 files (The first run will take a few minutes)...

[2024DIA_XLC]	Drawing Curve...

[2024DIA_XLC]	End

[2024DIA_XLC]	Finished!
2024-11-24 17:36:33.577102

[2024DIA_XLC]	Checking the environment...

[2024DIA_XLC]	Reading ini files...

[2024DIA_XLC]	Reading identification files...

[2024DIA_XLC]	Reading MS1 files (The first run will take a few minutes)...

[2024DIA_XLC]	Reading MS2 files (The first run will take a few minutes)...

[2024DIA_XLC]	Drawing Curve...

[2024DIA_XLC]	End

[2024DIA_XLC]	Finished!
2024-11-24 17:42:01.466933

[2024DIA_XLC]	Checking the environment...

[2024DIA_XLC]	Reading ini files...

[2024DIA_XLC]	Reading identification files...

[2024DIA_XLC]	Reading MS1 files (The first run will take a few minutes)...

[2024DIA_XLC]	Reading MS2 files (The first run will take a few minutes)...

[2024DIA_XLC]	Drawing Curve...

[2024DIA_XLC]	End

[2024DIA_XLC]	Finished!
2024-11-24 21:50:38.156264

[2024DIA_XLC]	Checking the environment...

[2024DIA_XLC]	Reading ini files...

[2024DIA_XLC]	Reading identification files...

[2024DIA_XLC]	Reading MS1 files (The first run will take a few minutes)...

[2024DIA_XLC]	Reading MS2 files (The first run will take a few minutes)...

[2024DIA_XLC]	Drawing Curve...

[2024DIA_XLC]	End

[2024DIA_XLC]	Finished!
2024-11-25 12:48:40.305212

[2024DIA_XLC]	Checking the environment...

[2024DIA_XLC]	Reading ini files...

[2024DIA_XLC]	Reading identification files...

[2024DIA_XLC]	Reading MS1 files (The first run will take a few minutes)...

[2024DIA_XLC]	Reading MS2 files (The first run will take a few minutes)...

[2024DIA_XLC]	Drawing Curve...
2024-11-25 13:15:32.907149

[2024DIA_XLC]	Checking the environment...

[2024DIA_XLC]	Reading ini files...

[2024DIA_XLC]	Reading identification files...

[2024DIA_XLC]	Reading MS1 files (The first run will take a few minutes)...

[2024DIA_XLC]	Reading MS2 files (The first run will take a few minutes)...

[2024DIA_XLC]	Drawing Curve...
2024-11-26 10:57:34.973569

[2024DIA_XLC]	Checking the environment...

[2024DIA_XLC]	Reading ini files...

[2024DIA_XLC]	Reading identification files...
2024-11-26 11:00:07.606580

[2024DIA_XLC]	Checking the environment...

[2024DIA_XLC]	Reading ini files...

[2024DIA_XLC]	Reading identification files...
2024-11-26 11:02:40.098248

[2024DIA_XLC]	Checking the environment...

[2024DIA_XLC]	Reading ini files...

[2024DIA_XLC]	Reading identification files...
2024-11-26 11:08:24.085095

[2024DIA_XLC]	Checking the environment...

[2024DIA_XLC]	Reading ini files...

[2024DIA_XLC]	Reading identification files...

[2024DIA_XLC]	Reading MS1 files (The first run will take a few minutes)...

[2024DIA_XLC]	Reading MS2 files (The first run will take a few minutes)...

[2024DIA_XLC]	Drawing Curve...

[2024DIA_XLC]	End

[2024DIA_XLC]	Finished!
2024-11-26 11:09:49.341717

[2024DIA_XLC]	Checking the environment...

[2024DIA_XLC]	Reading ini files...

[2024DIA_XLC]	Reading identification files...

[2024DIA_XLC]	Reading MS1 files (The first run will take a few minutes)...

[2024DIA_XLC]	Reading MS2 files (The first run will take a few minutes)...

[2024DIA_XLC]	Drawing Curve...
2024-12-03 17:26:53.086602

[2024DIA_XLC]	Checking the environment...

[2024DIA_XLC]	Reading ini files...

[2024DIA_XLC]	Reading identification files...

[2024DIA_XLC]	Reading MS1 files (The first run will take a few minutes)...

[2024DIA_XLC]	Reading MS2 files (The first run will take a few minutes)...

[2024DIA_XLC]	Drawing Curve...
2024-12-03 17:33:31.392580

[2024DIA_XLC]	Checking the environment...

[2024DIA_XLC]	Reading ini files...

[2024DIA_XLC]	Reading identification files...

[2024DIA_XLC]	Reading MS1 files (The first run will take a few minutes)...

[2024DIA_XLC]	Reading MS2 files (The first run will take a few minutes)...

[2024DIA_XLC]	Drawing Curve...
2024-12-03 20:53:55.979749

[2024DIA_XLC]	Checking the environment...

[2024DIA_XLC]	Reading ini files...

[2024DIA_XLC]	Reading identification files...

[2024DIA_XLC]	Reading MS1 files (The first run will take a few minutes)...

[2024DIA_XLC]	Reading MS2 files (The first run will take a few minutes)...

[2024DIA_XLC]	Drawing Curve...
2024-12-03 20:55:38.426114

[2024DIA_XLC]	Checking the environment...

[2024DIA_XLC]	Reading ini files...

[2024DIA_XLC]	Reading identification files...

[2024DIA_XLC]	Reading MS1 files (The first run will take a few minutes)...

[2024DIA_XLC]	Reading MS2 files (The first run will take a few minutes)...

[2024DIA_XLC]	Drawing Curve...
2024-12-03 20:59:57.549982

[2024DIA_XLC]	Checking the environment...

[2024DIA_XLC]	Reading ini files...

[2024DIA_XLC]	Reading identification files...
2024-12-03 21:00:17.448654

[2024DIA_XLC]	Checking the environment...

[2024DIA_XLC]	Reading ini files...

[2024DIA_XLC]	Reading identification files...

[2024DIA_XLC]	Reading MS1 files (The first run will take a few minutes)...

[2024DIA_XLC]	Reading MS2 files (The first run will take a few minutes)...

[2024DIA_XLC]	Drawing Curve...

[2024DIA_XLC]	End

[2024DIA_XLC]	Finished!
2024-12-03 22:12:22.751419

[2024DIA_XLC]	Checking the environment...

[2024DIA_XLC]	Reading ini files...

[2024DIA_XLC]	Reading identification files...
2024-12-03 22:12:48.269080

[2024DIA_XLC]	Checking the environment...

[2024DIA_XLC]	Reading ini files...

[2024DIA_XLC]	Reading identification files...
2024-12-03 22:22:22.172973

[2024DIA_XLC]	Checking the environment...

[2024DIA_XLC]	Reading ini files...

[2024DIA_XLC]	Reading identification files...
2024-12-10 21:44:40.961057

[2024DIA_XLC]	Checking the environment...

[2024DIA_XLC]	Reading ini files...

[2024DIA_XLC]	Reading identification files...

[2024DIA_XLC]	Reading MS1 files (The first run will take a few minutes)...

[2024DIA_XLC]	Reading MS2 files (The first run will take a few minutes)...

[2024DIA_XLC]	Drawing Curve...

[2024DIA_XLC]	End

[2024DIA_XLC]	Finished!
2024-12-11 15:13:43.085949

[2024DIA_XLC]	Checking the environment...

[2024DIA_XLC]	Reading ini files...

[2024DIA_XLC]	Reading identification files...

[2024DIA_XLC]	Reading MS1 files (The first run will take a few minutes)...

[2024DIA_XLC]	Reading MS2 files (The first run will take a few minutes)...
2024-12-11 15:14:24,768 - D:\code\2024DIA_XLC\MSLogging.py[line:129] - ERROR: MSOperator.py, op_FILL_LIST_PATH_MS, MK_2: Path for MS is illegal!
2024-12-11 15:16:49.667607

[2024DIA_XLC]	Checking the environment...

[2024DIA_XLC]	Reading ini files...

[2024DIA_XLC]	Reading identification files...
2024-12-11 15:17:13.607609

[2024DIA_XLC]	Checking the environment...

[2024DIA_XLC]	Reading ini files...

[2024DIA_XLC]	Reading identification files...

[2024DIA_XLC]	Reading MS1 files (The first run will take a few minutes)...

[2024DIA_XLC]	Reading MS2 files (The first run will take a few minutes)...

[2024DIA_XLC]	Drawing Curve...

[2024DIA_XLC]	End

[2024DIA_XLC]	Finished!
2024-12-12 11:34:07.235574

[2024DIA_XLC]	Checking the environment...

[2024DIA_XLC]	Reading ini files...

[2024DIA_XLC]	Reading identification files...

[2024DIA_XLC]	Reading MS1 files (The first run will take a few minutes)...

[2024DIA_XLC]	Reading MS2 files (The first run will take a few minutes)...

[2024DIA_XLC]	Drawing Curve...
2024-12-12 11:50:44.856378

[2024DIA_XLC]	Checking the environment...

[2024DIA_XLC]	Reading ini files...

[2024DIA_XLC]	Reading identification files...
2024-12-12 11:51:40.562290

[2024DIA_XLC]	Checking the environment...

[2024DIA_XLC]	Reading ini files...

[2024DIA_XLC]	Reading identification files...

[2024DIA_XLC]	Reading MS1 files (The first run will take a few minutes)...

[2024DIA_XLC]	Reading MS2 files (The first run will take a few minutes)...

[2024DIA_XLC]	Drawing Curve...
2024-12-12 12:13:17.403118

[2024DIA_XLC]	Checking the environment...

[2024DIA_XLC]	Reading ini files...

[2024DIA_XLC]	Reading identification files...

[2024DIA_XLC]	Reading MS1 files (The first run will take a few minutes)...

[2024DIA_XLC]	Reading MS2 files (The first run will take a few minutes)...

[2024DIA_XLC]	Drawing Curve...
2024-12-12 14:24:23.655199

[2024DIA_XLC]	Checking the environment...

[2024DIA_XLC]	Reading ini files...

[2024DIA_XLC]	Reading identification files...

[2024DIA_XLC]	Reading MS1 files (The first run will take a few minutes)...

[2024DIA_XLC]	Reading MS2 files (The first run will take a few minutes)...

[2024DIA_XLC]	Drawing Curve...
2024-12-12 15:59:54.493153

[2024DIA_XLC]	Checking the environment...

[2024DIA_XLC]	Reading ini files...

[2024DIA_XLC]	Reading identification files...
2024-12-12 16:00:34.710001
2024-12-12 16:00:39.156619
2024-12-12 16:00:43.092535

[2024DIA_XLC]	Checking the environment...

[2024DIA_XLC]	Reading ini files...

[2024DIA_XLC]	Reading identification files...
2024-12-12 16:01:09.975961

[2024DIA_XLC]	Checking the environment...

[2024DIA_XLC]	Reading ini files...

[2024DIA_XLC]	Reading identification files...
2024-12-12 17:33:47.355044

[2024DIA_XLC]	Checking the environment...

[2024DIA_XLC]	Reading ini files...

[2024DIA_XLC]	Reading identification files...

[2024DIA_XLC]	Reading MS1 files (The first run will take a few minutes)...

[2024DIA_XLC]	Reading MS2 files (The first run will take a few minutes)...

[2024DIA_XLC]	Drawing Curve...
2024-12-12 18:16:15.253765

[2024DIA_XLC]	Checking the environment...

[2024DIA_XLC]	Reading ini files...

[2024DIA_XLC]	Reading identification files...
2024-12-12 18:16:50.798159

[2024DIA_XLC]	Checking the environment...

[2024DIA_XLC]	Reading ini files...

[2024DIA_XLC]	Reading identification files...

[2024DIA_XLC]	Reading MS1 files (The first run will take a few minutes)...

[2024DIA_XLC]	Reading MS2 files (The first run will take a few minutes)...

[2024DIA_XLC]	Drawing Curve...
2024-12-12 18:17:12,171 - D:\code\2024DIA_XLC\MSLogging.py[line:129] - ERROR: MSFunctionDraw, MK449, 100 is all right?
2024-12-12 18:17:44.915544

[2024DIA_XLC]	Checking the environment...

[2024DIA_XLC]	Reading ini files...

[2024DIA_XLC]	Reading identification files...

[2024DIA_XLC]	Reading MS1 files (The first run will take a few minutes)...

[2024DIA_XLC]	Reading MS2 files (The first run will take a few minutes)...

[2024DIA_XLC]	Drawing Curve...
2024-12-12 20:53:50.130949
2024-12-12 20:54:53.287345
2024-12-12 20:57:17.977424

[2024DIA_XLC]	Checking the environment...

[2024DIA_XLC]	Reading ini files...

[2024DIA_XLC]	Reading identification files...

[2024DIA_XLC]	Reading MS1 files (The first run will take a few minutes)...

[2024DIA_XLC]	Reading MS2 files (The first run will take a few minutes)...

[2024DIA_XLC]	Drawing Curve...
2024-12-12 21:23:56.603013

[2024DIA_XLC]	Checking the environment...

[2024DIA_XLC]	Reading ini files...

[2024DIA_XLC]	Reading identification files...

[2024DIA_XLC]	Reading MS1 files (The first run will take a few minutes)...

[2024DIA_XLC]	Reading MS2 files (The first run will take a few minutes)...

[2024DIA_XLC]	Drawing Curve...
2024-12-13 13:51:42.554150

[2024DIA_XLC]	Checking the environment...

[2024DIA_XLC]	Reading ini files...

[2024DIA_XLC]	Reading identification files...

[2024DIA_XLC]	Reading MS1 files (The first run will take a few minutes)...

[2024DIA_XLC]	Reading MS2 files (The first run will take a few minutes)...

[2024DIA_XLC]	Drawing Curve...
2024-12-13 15:11:56.598330

[2024DIA_XLC]	Checking the environment...

[2024DIA_XLC]	Reading ini files...

[2024DIA_XLC]	Reading identification files...
2024-12-13 15:12:15.852418

[2024DIA_XLC]	Checking the environment...

[2024DIA_XLC]	Reading ini files...

[2024DIA_XLC]	Reading identification files...

[2024DIA_XLC]	Reading MS1 files (The first run will take a few minutes)...

[2024DIA_XLC]	Reading MS2 files (The first run will take a few minutes)...

[2024DIA_XLC]	Drawing Curve...

[2024DIA_XLC]	End

[2024DIA_XLC]	Finished!
